<?xml version="1.0" encoding="UTF-8"?>
<coverage generated="1369223262">
  <project timestamp="1369223262">
    <file name="/Applications/MAMP/htdocs/Mars/Controllers/Mission.php">
      <class name="Mission" namespace="global">
        <metrics methods="9" coveredmethods="9" conditionals="0" coveredconditionals="0" statements="33" coveredstatements="33" elements="42" coveredelements="42"/>
      </class>
      <line num="53" type="method" name="getGrid" crap="2" count="1"/>
      <line num="54" type="stmt" count="1"/>
      <line num="55" type="stmt" count="1"/>
      <line num="56" type="stmt" count="1"/>
      <line num="57" type="stmt" count="1"/>
      <line num="65" type="method" name="getRobot" crap="2" count="1"/>
      <line num="66" type="stmt" count="1"/>
      <line num="67" type="stmt" count="1"/>
      <line num="68" type="stmt" count="1"/>
      <line num="69" type="stmt" count="1"/>
      <line num="79" type="method" name="init" crap="2" count="3"/>
      <line num="80" type="stmt" count="3"/>
      <line num="81" type="stmt" count="3"/>
      <line num="82" type="stmt" count="3"/>
      <line num="83" type="stmt" count="3"/>
      <line num="84" type="stmt" count="2"/>
      <line num="85" type="stmt" count="2"/>
      <line num="86" type="stmt" count="2"/>
      <line num="87" type="stmt" count="3"/>
      <line num="96" type="method" name="start" crap="2" count="1"/>
      <line num="97" type="stmt" count="1"/>
      <line num="98" type="stmt" count="1"/>
      <line num="99" type="stmt" count="1"/>
      <line num="100" type="stmt" count="1"/>
      <line num="101" type="stmt" count="1"/>
      <line num="110" type="method" name="addErrors" crap="1" count="1"/>
      <line num="111" type="stmt" count="1"/>
      <line num="112" type="stmt" count="1"/>
      <line num="113" type="stmt" count="1"/>
      <line num="122" type="method" name="hasError" crap="1" count="1"/>
      <line num="123" type="stmt" count="1"/>
      <line num="131" type="method" name="hasErrors" crap="1" count="1"/>
      <line num="132" type="stmt" count="1"/>
      <line num="142" type="method" name="getError" crap="2" count="1"/>
      <line num="143" type="stmt" count="1"/>
      <line num="144" type="stmt" count="1"/>
      <line num="145" type="stmt" count="1"/>
      <line num="147" type="stmt" count="1"/>
      <line num="155" type="method" name="clear" crap="1" count="1"/>
      <line num="157" type="stmt" count="1"/>
      <line num="158" type="stmt" count="1"/>
      <line num="159" type="stmt" count="1"/>
      <metrics loc="162" ncloc="73" classes="1" methods="9" coveredmethods="9" conditionals="0" coveredconditionals="0" statements="33" coveredstatements="33" elements="42" coveredelements="42"/>
    </file>
    <file name="/Applications/MAMP/htdocs/Mars/Model/Grid.php">
      <class name="Grid" namespace="global" fullPackage="Mars" category="Model" package="Mars">
        <metrics methods="2" coveredmethods="2" conditionals="0" coveredconditionals="0" statements="20" coveredstatements="20" elements="22" coveredelements="22"/>
      </class>
      <line num="38" type="method" name="setParams" crap="2" count="1"/>
      <line num="40" type="stmt" count="1"/>
      <line num="41" type="stmt" count="1"/>
      <line num="42" type="stmt" count="1"/>
      <line num="43" type="stmt" count="1"/>
      <line num="44" type="stmt" count="1"/>
      <line num="45" type="stmt" count="1"/>
      <line num="57" type="method" name="validate" crap="5" count="2"/>
      <line num="58" type="stmt" count="2"/>
      <line num="59" type="stmt" count="2"/>
      <line num="60" type="stmt" count="1"/>
      <line num="61" type="stmt" count="1"/>
      <line num="62" type="stmt" count="2"/>
      <line num="63" type="stmt" count="1"/>
      <line num="64" type="stmt" count="1"/>
      <line num="66" type="stmt" count="2"/>
      <line num="67" type="stmt" count="1"/>
      <line num="68" type="stmt" count="1"/>
      <line num="69" type="stmt" count="2"/>
      <line num="70" type="stmt" count="1"/>
      <line num="71" type="stmt" count="1"/>
      <line num="72" type="stmt" count="2"/>
      <metrics loc="75" ncloc="37" classes="1" methods="2" coveredmethods="2" conditionals="0" coveredconditionals="0" statements="20" coveredstatements="20" elements="22" coveredelements="22"/>
    </file>
    <file name="/Applications/MAMP/htdocs/Mars/Model/Robot.php">
      <class name="Robot" namespace="global">
        <metrics methods="20" coveredmethods="20" conditionals="0" coveredconditionals="0" statements="111" coveredstatements="111" elements="131" coveredelements="131"/>
      </class>
      <line num="0" type="stmt" count="1"/>
      <line num="27" type="method" name="setGrid" crap="1" count="1"/>
      <line num="28" type="stmt" count="1"/>
      <line num="29" type="stmt" count="1"/>
      <line num="36" type="method" name="getGrid" crap="1" count="1"/>
      <line num="37" type="stmt" count="1"/>
      <line num="49" type="method" name="setParams" crap="1" count="1"/>
      <line num="50" type="stmt" count="1"/>
      <line num="51" type="stmt" count="1"/>
      <line num="52" type="stmt" count="1"/>
      <line num="53" type="stmt" count="1"/>
      <line num="64" type="method" name="setPosition" crap="2" count="2"/>
      <line num="65" type="stmt" count="2"/>
      <line num="66" type="stmt" count="2"/>
      <line num="68" type="stmt" count="1"/>
      <line num="69" type="stmt" count="1"/>
      <line num="70" type="stmt" count="1"/>
      <line num="71" type="stmt" count="1"/>
      <line num="72" type="stmt" count="1"/>
      <line num="73" type="stmt" count="2"/>
      <line num="83" type="method" name="setInstructions" crap="2" count="2"/>
      <line num="84" type="stmt" count="2"/>
      <line num="85" type="stmt" count="2"/>
      <line num="86" type="stmt" count="1"/>
      <line num="87" type="stmt" count="1"/>
      <line num="88" type="stmt" count="2"/>
      <line num="100" type="method" name="validateInstructions" crap="3" count="1"/>
      <line num="101" type="stmt" count="1"/>
      <line num="102" type="stmt" count="1"/>
      <line num="103" type="stmt" count="1"/>
      <line num="104" type="stmt" count="1"/>
      <line num="106" type="stmt" count="1"/>
      <line num="107" type="stmt" count="1"/>
      <line num="109" type="stmt" count="1"/>
      <line num="119" type="method" name="drive" crap="4" count="1"/>
      <line num="120" type="stmt" count="1"/>
      <line num="121" type="stmt" count="1"/>
      <line num="122" type="stmt" count="1"/>
      <line num="123" type="stmt" count="1"/>
      <line num="124" type="stmt" count="1"/>
      <line num="125" type="stmt" count="1"/>
      <line num="126" type="stmt" count="1"/>
      <line num="127" type="stmt" count="1"/>
      <line num="129" type="stmt" count="1"/>
      <line num="130" type="stmt" count="1"/>
      <line num="131" type="stmt" count="1"/>
      <line num="140" type="method" name="forward" crap="2" count="4"/>
      <line num="141" type="stmt" count="4"/>
      <line num="142" type="stmt" count="2"/>
      <line num="143" type="stmt" count="2"/>
      <line num="144" type="stmt" count="2"/>
      <line num="146" type="stmt" count="4"/>
      <line num="156" type="method" name="moveForward" crap="3" count="2"/>
      <line num="158" type="stmt" count="2"/>
      <line num="159" type="stmt" count="2"/>
      <line num="160" type="stmt" count="1"/>
      <line num="162" type="stmt" count="1"/>
      <line num="163" type="stmt" count="1"/>
      <line num="174" type="method" name="checkIfLost" crap="2" count="2"/>
      <line num="175" type="stmt" count="2"/>
      <line num="176" type="stmt" count="1"/>
      <line num="177" type="stmt" count="1"/>
      <line num="178" type="stmt" count="1"/>
      <line num="179" type="stmt" count="2"/>
      <line num="187" type="method" name="getStep" crap="2" count="1"/>
      <line num="190" type="stmt" count="1"/>
      <line num="191" type="stmt" count="1"/>
      <line num="194" type="stmt" count="1"/>
      <line num="205" type="method" name="turn" crap="5" count="1"/>
      <line num="208" type="stmt" count="1"/>
      <line num="209" type="stmt" count="1"/>
      <line num="210" type="stmt" count="1"/>
      <line num="211" type="stmt" count="1"/>
      <line num="212" type="stmt" count="1"/>
      <line num="214" type="stmt" count="1"/>
      <line num="215" type="stmt" count="1"/>
      <line num="217" type="stmt" count="1"/>
      <line num="218" type="stmt" count="1"/>
      <line num="219" type="stmt" count="1"/>
      <line num="220" type="stmt" count="1"/>
      <line num="222" type="stmt" count="1"/>
      <line num="224" type="stmt" count="1"/>
      <line num="233" type="method" name="getNumericDirection" crap="2" count="1"/>
      <line num="234" type="stmt" count="1"/>
      <line num="235" type="stmt" count="1"/>
      <line num="237" type="stmt" count="1"/>
      <line num="247" type="method" name="validatePosition" crap="7" count="4"/>
      <line num="248" type="stmt" count="4"/>
      <line num="249" type="stmt" count="4"/>
      <line num="250" type="stmt" count="4"/>
      <line num="251" type="stmt" count="1"/>
      <line num="253" type="stmt" count="3"/>
      <line num="254" type="stmt" count="1"/>
      <line num="255" type="stmt" count="1"/>
      <line num="256" type="stmt" count="3"/>
      <line num="257" type="stmt" count="1"/>
      <line num="258" type="stmt" count="1"/>
      <line num="259" type="stmt" count="3"/>
      <line num="260" type="stmt" count="1"/>
      <line num="261" type="stmt" count="1"/>
      <line num="262" type="stmt" count="3"/>
      <line num="263" type="stmt" count="1"/>
      <line num="264" type="stmt" count="1"/>
      <line num="265" type="stmt" count="3"/>
      <line num="266" type="stmt" count="1"/>
      <line num="267" type="stmt" count="1"/>
      <line num="268" type="stmt" count="3"/>
      <line num="278" type="method" name="getPositionArray" crap="1" count="1"/>
      <line num="280" type="stmt" count="1"/>
      <line num="281" type="stmt" count="1"/>
      <line num="289" type="method" name="__toString" crap="1" count="1"/>
      <line num="291" type="stmt" count="1"/>
      <line num="299" type="method" name="getLostString" crap="2" count="1"/>
      <line num="301" type="stmt" count="1"/>
      <line num="302" type="stmt" count="1"/>
      <line num="304" type="stmt" count="1"/>
      <line num="312" type="method" name="getDirectionLetter" crap="1" count="1"/>
      <line num="314" type="stmt" count="1"/>
      <line num="325" type="method" name="addScent" crap="4" count="2"/>
      <line num="327" type="stmt" count="2"/>
      <line num="328" type="stmt" count="2"/>
      <line num="329" type="stmt" count="1"/>
      <line num="330" type="stmt" count="1"/>
      <line num="331" type="stmt" count="2"/>
      <line num="332" type="stmt" count="2"/>
      <line num="333" type="stmt" count="2"/>
      <line num="334" type="stmt" count="2"/>
      <line num="335" type="stmt" count="2"/>
      <line num="345" type="method" name="hasScent" crap="3" count="1"/>
      <line num="347" type="stmt" count="1"/>
      <line num="348" type="stmt" count="1"/>
      <line num="350" type="stmt" count="1"/>
      <metrics loc="353" ncloc="203" classes="1" methods="20" coveredmethods="20" conditionals="0" coveredconditionals="0" statements="111" coveredstatements="111" elements="131" coveredelements="131"/>
    </file>
    <metrics files="3" loc="590" ncloc="313" classes="3" methods="31" coveredmethods="31" conditionals="0" coveredconditionals="0" statements="164" coveredstatements="164" elements="195" coveredelements="195"/>
  </project>
</coverage>
